Performing C SOURCE FILE Test CMAKE_HAVE_LIBC_PTHREAD failed with the following output:
Change Dir: /home/hopson/Documents/programming/cpp/basic3/build/debug/CMakeFiles/CMakeTmp

Run Build Command(s):/usr/bin/make cmTC_31eaa/fast && /usr/bin/make -f CMakeFiles/cmTC_31eaa.dir/build.make CMakeFiles/cmTC_31eaa.dir/build
make[1]: Entering directory '/home/hopson/Documents/programming/cpp/basic3/build/debug/CMakeFiles/CMakeTmp'
Building C object CMakeFiles/cmTC_31eaa.dir/src.c.o
/usr/bin/cc   -DCMAKE_HAVE_LIBC_PTHREAD   -o CMakeFiles/cmTC_31eaa.dir/src.c.o   -c /home/hopson/Documents/programming/cpp/basic3/build/debug/CMakeFiles/CMakeTmp/src.c
Linking C executable cmTC_31eaa
/usr/bin/cmake -E cmake_link_script CMakeFiles/cmTC_31eaa.dir/link.txt --verbose=1
/usr/bin/cc    -DCMAKE_HAVE_LIBC_PTHREAD      CMakeFiles/cmTC_31eaa.dir/src.c.o  -o cmTC_31eaa 
/usr/bin/ld: CMakeFiles/cmTC_31eaa.dir/src.c.o: in function `main':
src.c:(.text+0x35): undefined reference to `pthread_create'
/usr/bin/ld: src.c:(.text+0x3e): undefined reference to `pthread_detach'
/usr/bin/ld: src.c:(.text+0x4b): undefined reference to `pthread_join'
clang: error: linker command failed with exit code 1 (use -v to see invocation)
make[1]: *** [CMakeFiles/cmTC_31eaa.dir/build.make:87: cmTC_31eaa] Error 1
make[1]: Leaving directory '/home/hopson/Documents/programming/cpp/basic3/build/debug/CMakeFiles/CMakeTmp'
make: *** [Makefile:121: cmTC_31eaa/fast] Error 2


Source file was:
#include <pthread.h>

void* test_func(void* data)
{
  return data;
}

int main(void)
{
  pthread_t thread;
  pthread_create(&thread, NULL, test_func, NULL);
  pthread_detach(thread);
  pthread_join(thread, NULL);
  pthread_atfork(NULL, NULL, NULL);
  pthread_exit(NULL);

  return 0;
}

Determining if the function pthread_create exists in the pthreads failed with the following output:
Change Dir: /home/hopson/Documents/programming/cpp/basic3/build/debug/CMakeFiles/CMakeTmp

Run Build Command(s):/usr/bin/make cmTC_b898e/fast && /usr/bin/make -f CMakeFiles/cmTC_b898e.dir/build.make CMakeFiles/cmTC_b898e.dir/build
make[1]: Entering directory '/home/hopson/Documents/programming/cpp/basic3/build/debug/CMakeFiles/CMakeTmp'
Building C object CMakeFiles/cmTC_b898e.dir/CheckFunctionExists.c.o
/usr/bin/cc   -DCHECK_FUNCTION_EXISTS=pthread_create   -o CMakeFiles/cmTC_b898e.dir/CheckFunctionExists.c.o   -c /usr/share/cmake-3.16/Modules/CheckFunctionExists.c
Linking C executable cmTC_b898e
/usr/bin/cmake -E cmake_link_script CMakeFiles/cmTC_b898e.dir/link.txt --verbose=1
/usr/bin/cc    -DCHECK_FUNCTION_EXISTS=pthread_create      CMakeFiles/cmTC_b898e.dir/CheckFunctionExists.c.o  -o cmTC_b898e  -lpthreads 
/usr/bin/ld: cannot find -lpthreads
clang: error: linker command failed with exit code 1 (use -v to see invocation)
make[1]: *** [CMakeFiles/cmTC_b898e.dir/build.make:87: cmTC_b898e] Error 1
make[1]: Leaving directory '/home/hopson/Documents/programming/cpp/basic3/build/debug/CMakeFiles/CMakeTmp'
make: *** [Makefile:121: cmTC_b898e/fast] Error 2



